{"/home/user01/study-cicd-2023/coverage-example-vue2/.eslintrc.js": {"path":"/home/user01/study-cicd-2023/coverage-example-vue2/.eslintrc.js","statementMap":{"0":{"start":{"line":1,"column":0},"end":{"line":30,"column":2}}},"fnMap":{},"branchMap":{"0":{"loc":{"start":{"line":16,"column":18},"end":{"line":16,"column":72}},"type":"cond-expr","locations":[{"start":{"line":16,"column":58},"end":{"line":16,"column":64}},{"start":{"line":16,"column":67},"end":{"line":16,"column":72}}],"line":16},"1":{"loc":{"start":{"line":17,"column":19},"end":{"line":17,"column":73}},"type":"cond-expr","locations":[{"start":{"line":17,"column":59},"end":{"line":17,"column":65}},{"start":{"line":17,"column":68},"end":{"line":17,"column":73}}],"line":17}},"s":{"0":0},"f":{},"b":{"0":[0,0],"1":[0,0]}}
,"/home/user01/study-cicd-2023/coverage-example-vue2/babel.config.js": {"path":"/home/user01/study-cicd-2023/coverage-example-vue2/babel.config.js","statementMap":{"0":{"start":{"line":1,"column":0},"end":{"line":3,"column":2}}},"fnMap":{},"branchMap":{},"s":{"0":0},"f":{},"b":{}}
,"/home/user01/study-cicd-2023/coverage-example-vue2/jest.config.js": {"path":"/home/user01/study-cicd-2023/coverage-example-vue2/jest.config.js","statementMap":{"0":{"start":{"line":1,"column":0},"end":{"line":5,"column":2}}},"fnMap":{},"branchMap":{},"s":{"0":0},"f":{},"b":{}}
,"/home/user01/study-cicd-2023/coverage-example-vue2/vue.config.js": {"path":"/home/user01/study-cicd-2023/coverage-example-vue2/vue.config.js","statementMap":{"0":{"start":{"line":1,"column":25},"end":{"line":1,"column":52}},"1":{"start":{"line":2,"column":0},"end":{"line":4,"column":3}}},"fnMap":{},"branchMap":{},"s":{"0":0,"1":0},"f":{},"b":{}}
,"/home/user01/study-cicd-2023/coverage-example-vue2/src/App.vue": {"path":"/home/user01/study-cicd-2023/coverage-example-vue2/src/App.vue","statementMap":{"0":{"start":{"line":9,"column":0},"end":{"line":9,"column":null}},"1":{"start":{"line":10,"column":0},"end":{"line":10,"column":null}},"2":{"start":{"line":17,"column":0},"end":{"line":17,"column":null}},"3":{"start":{"line":1,"column":0},"end":{"line":1,"column":null}}},"fnMap":{"0":{"name":"(anonymous_2)","decl":{"start":{"line":1,"column":0},"end":{"line":1,"column":null}},"loc":{"start":{"line":1,"column":0},"end":{"line":1,"column":null}}}},"branchMap":{},"s":{"0":0,"1":0,"2":0,"3":0},"f":{"0":0},"b":{}}
,"/home/user01/study-cicd-2023/coverage-example-vue2/src/main.ts": {"path":"/home/user01/study-cicd-2023/coverage-example-vue2/src/main.ts","statementMap":{"0":{"start":{"line":1,"column":0},"end":{"line":1,"column":null}},"1":{"start":{"line":2,"column":0},"end":{"line":2,"column":null}},"2":{"start":{"line":4,"column":0},"end":{"line":4,"column":null}},"3":{"start":{"line":6,"column":0},"end":{"line":8,"column":null}},"4":{"start":{"line":7,"column":17},"end":{"line":7,"column":null}}},"fnMap":{"0":{"name":"(anonymous_1)","decl":{"start":{"line":7,"column":11},"end":{"line":7,"column":12}},"loc":{"start":{"line":7,"column":17},"end":{"line":7,"column":null}}}},"branchMap":{},"s":{"0":0,"1":0,"2":0,"3":0,"4":0},"f":{"0":0},"b":{}}
,"/home/user01/study-cicd-2023/coverage-example-vue2/src/components/HelloWorld.vue": {"path":"/home/user01/study-cicd-2023/coverage-example-vue2/src/components/HelloWorld.vue","statementMap":{"0":{"start":{"line":106,"column":0},"end":{"line":106,"column":null}},"1":{"start":{"line":110,"column":0},"end":{"line":110,"column":null}},"2":{"start":{"line":109,"column":0},"end":{"line":109,"column":null}},"3":{"start":{"line":1,"column":0},"end":{"line":1,"column":null}}},"fnMap":{"0":{"name":"(anonymous_1)","decl":{"start":{"line":1,"column":0},"end":{"line":1,"column":null}},"loc":{"start":{"line":1,"column":0},"end":{"line":1,"column":null}}}},"branchMap":{},"s":{"0":1,"1":1,"2":1,"3":6},"f":{"0":1},"b":{}}
}
